# JRE version: OpenJDK Runtime Environment (17.0.11) (build 17.0.11+0--11852314)
# Java VM: OpenJDK 64-Bit Server VM (17.0.11+0--11852314, mixed mode, tiered, compressed oops, compressed class ptrs, g1 gc, windows-amd64)
GC Precious Log:
 CPUs: 16 total, 16 available
 Memory: 16088M
 Large Page Support: Disabled
 NUMA Support: Disabled
 Compressed Oops: Enabled (32-bit)
 Heap Region Size: 1M
 Heap Min Capacity: 8M
 Heap Initial Capacity: 252M
 Heap Max Capacity: 2G
 Pre-touch: Disabled
 Parallel Workers: 13
 Concurrent Workers: 3
 Concurrent Refinement Workers: 13
 Periodic GC: Disabled
Heap:
 garbage-first heap   total 430080K, used 195378K [0x0000000080000000, 0x0000000100000000)
  region size 1024K, 5 young (5120K), 5 survivors (5120K)
 Metaspace       used 166735K, committed 168000K, reserved 1245184K
  class space    used 22987K, committed 23616K, reserved 1048576K
GC Heap History (20 events):
Event: 24.859 GC heap after
{Heap after GC invocations=63 (full 0):
 garbage-first heap   total 279552K, used 206178K [0x0000000080000000, 0x0000000100000000)
  region size 1024K, 3 young (3072K), 3 survivors (3072K)
 Metaspace       used 159919K, committed 161024K, reserved 1245184K
  class space    used 21924K, committed 22464K, reserved 1048576K
}
Event: 24.943 GC heap before
{Heap before GC invocations=63 (full 0):
 garbage-first heap   total 279552K, used 242018K [0x0000000080000000, 0x0000000100000000)
  region size 1024K, 39 young (39936K), 3 survivors (3072K)
 Metaspace       used 161549K, committed 162688K, reserved 1245184K
  class space    used 22277K, committed 22848K, reserved 1048576K
}
Event: 24.945 GC heap after
{Heap after GC invocations=64 (full 0):
 garbage-first heap   total 279552K, used 208195K [0x0000000080000000, 0x0000000100000000)
  region size 1024K, 4 young (4096K), 4 survivors (4096K)
 Metaspace       used 161549K, committed 162688K, reserved 1245184K
  class space    used 22277K, committed 22848K, reserved 1048576K
}
Event: 25.383 GC heap before
{Heap before GC invocations=64 (full 0):
 garbage-first heap   total 279552K, used 240963K [0x0000000080000000, 0x0000000100000000)
  region size 1024K, 37 young (37888K), 4 survivors (4096K)
 Metaspace       used 163070K, committed 164224K, reserved 1245184K
  class space    used 22592K, committed 23168K, reserved 1048576K
}
Event: 25.386 GC heap after
{Heap after GC invocations=65 (full 0):
 garbage-first heap   total 335872K, used 211122K [0x0000000080000000, 0x0000000100000000)
  region size 1024K, 5 young (5120K), 5 survivors (5120K)
 Metaspace       used 163070K, committed 164224K, reserved 1245184K
  class space    used 22592K, committed 23168K, reserved 1048576K
}
Event: 264.996 GC heap before
{Heap before GC invocations=65 (full 0):
 garbage-first heap   total 335872K, used 304306K [0x0000000080000000, 0x0000000100000000)
  region size 1024K, 79 young (80896K), 5 survivors (5120K)
 Metaspace       used 166005K, committed 167168K, reserved 1245184K
  class space    used 22993K, committed 23552K, reserved 1048576K
}
Event: 264.999 GC heap after
{Heap after GC invocations=66 (full 0):
 garbage-first heap   total 335872K, used 210241K [0x0000000080000000, 0x0000000100000000)
  region size 1024K, 5 young (5120K), 5 survivors (5120K)
 Metaspace       used 166005K, committed 167168K, reserved 1245184K
  class space    used 22993K, committed 23552K, reserved 1048576K
}
Event: 265.761 GC heap before
{Heap before GC invocations=66 (full 0):
 garbage-first heap   total 335872K, used 288065K [0x0000000080000000, 0x0000000100000000)
  region size 1024K, 80 young (81920K), 5 survivors (5120K)
 Metaspace       used 166608K, committed 167872K, reserved 1245184K
  class space    used 23024K, committed 23616K, reserved 1048576K
}
Event: 265.768 GC heap after
{Heap after GC invocations=67 (full 0):
 garbage-first heap   total 335872K, used 224466K [0x0000000080000000, 0x0000000100000000)
  region size 1024K, 10 young (10240K), 10 survivors (10240K)
 Metaspace       used 166608K, committed 167872K, reserved 1245184K
  class space    used 23024K, committed 23616K, reserved 1048576K
}
Event: 265.917 GC heap before
{Heap before GC invocations=67 (full 0):
 garbage-first heap   total 335872K, used 291026K [0x0000000080000000, 0x0000000100000000)
  region size 1024K, 68 young (69632K), 10 survivors (10240K)
 Metaspace       used 166635K, committed 167872K, reserved 1245184K
  class space    used 23024K, committed 23616K, reserved 1048576K
}
Event: 265.925 GC heap after
{Heap after GC invocations=68 (full 0):
 garbage-first heap   total 335872K, used 247562K [0x0000000080000000, 0x0000000100000000)
  region size 1024K, 9 young (9216K), 9 survivors (9216K)
 Metaspace       used 166635K, committed 167872K, reserved 1245184K
  class space    used 23024K, committed 23616K, reserved 1048576K
}
Event: 266.008 GC heap before
{Heap before GC invocations=68 (full 0):
 garbage-first heap   total 335872K, used 277258K [0x0000000080000000, 0x0000000100000000)
  region size 1024K, 31 young (31744K), 9 survivors (9216K)
 Metaspace       used 166651K, committed 167872K, reserved 1245184K
  class space    used 23024K, committed 23616K, reserved 1048576K
}
Event: 266.013 GC heap after
{Heap after GC invocations=69 (full 0):
 garbage-first heap   total 335872K, used 257814K [0x0000000080000000, 0x0000000100000000)
  region size 1024K, 6 young (6144K), 6 survivors (6144K)
 Metaspace       used 166651K, committed 167872K, reserved 1245184K
  class space    used 23024K, committed 23616K, reserved 1048576K
}
Event: 266.170 GC heap before
{Heap before GC invocations=70 (full 0):
 garbage-first heap   total 430080K, used 274198K [0x0000000080000000, 0x0000000100000000)
  region size 1024K, 31 young (31744K), 6 survivors (6144K)
 Metaspace       used 166548K, committed 167872K, reserved 1245184K
  class space    used 22985K, committed 23616K, reserved 1048576K
}
Event: 266.174 GC heap after
{Heap after GC invocations=71 (full 0):
 garbage-first heap   total 430080K, used 242557K [0x0000000080000000, 0x0000000100000000)
  region size 1024K, 4 young (4096K), 4 survivors (4096K)
 Metaspace       used 166548K, committed 167872K, reserved 1245184K
  class space    used 22985K, committed 23616K, reserved 1048576K
}
Event: 266.217 GC heap before
{Heap before GC invocations=71 (full 0):
 garbage-first heap   total 430080K, used 259965K [0x0000000080000000, 0x0000000100000000)
  region size 1024K, 21 young (21504K), 4 survivors (4096K)
 Metaspace       used 166565K, committed 167872K, reserved 1245184K
  class space    used 22985K, committed 23616K, reserved 1048576K
}
Event: 266.221 GC heap after
{Heap after GC invocations=72 (full 0):
 garbage-first heap   total 430080K, used 206476K [0x0000000080000000, 0x0000000100000000)
  region size 1024K, 3 young (3072K), 3 survivors (3072K)
 Metaspace       used 166565K, committed 167872K, reserved 1245184K
  class space    used 22985K, committed 23616K, reserved 1048576K
}
Event: 266.247 GC heap before
{Heap before GC invocations=72 (full 0):
 garbage-first heap   total 430080K, used 224908K [0x0000000080000000, 0x0000000100000000)
  region size 1024K, 21 young (21504K), 3 survivors (3072K)
 Metaspace       used 166565K, committed 167872K, reserved 1245184K
  class space    used 22985K, committed 23616K, reserved 1048576K
}
Event: 266.253 GC heap after
{Heap after GC invocations=73 (full 0):
 garbage-first heap   total 430080K, used 193984K [0x0000000080000000, 0x0000000100000000)
  region size 1024K, 3 young (3072K), 3 survivors (3072K)
 Metaspace       used 166565K, committed 167872K, reserved 1245184K
  class space    used 22985K, committed 23616K, reserved 1048576K
}
Event: 270.005 GC heap before
{Heap before GC invocations=73 (full 0):
 garbage-first heap   total 430080K, used 305600K [0x0000000080000000, 0x0000000100000000)
  region size 1024K, 113 young (115712K), 3 survivors (3072K)
 Metaspace       used 166735K, committed 168000K, reserved 1245184K
  class space    used 22987K, committed 23616K, reserved 1048576K
}

